Logs for GPAC configure 
Using built-in specs.
COLLECT_GCC=gcc
COLLECT_LTO_WRAPPER=/usr/lib/gcc/x86_64-linux-gnu/5/lto-wrapper
Target: x86_64-linux-gnu
Configured with: ../src/configure -v --with-pkgversion='Ubuntu 5.4.0-6ubuntu1~16.04.10' --with-bugurl=file:///usr/share/doc/gcc-5/README.Bugs --enable-languages=c,ada,c++,java,go,d,fortran,objc,obj-c++ --prefix=/usr --program-suffix=-5 --enable-shared --enable-linker-build-id --libexecdir=/usr/lib --without-included-gettext --enable-threads=posix --libdir=/usr/lib --enable-nls --with-sysroot=/ --enable-clocale=gnu --enable-libstdcxx-debug --enable-libstdcxx-time=yes --with-default-libstdcxx-abi=new --enable-gnu-unique-object --disable-vtable-verify --enable-libmpx --enable-plugin --with-system-zlib --disable-browser-plugin --enable-java-awt=gtk --enable-gtk-cairo --with-java-home=/usr/lib/jvm/java-1.5.0-gcj-5-amd64/jre --enable-java-home --with-jvm-root-dir=/usr/lib/jvm/java-1.5.0-gcj-5-amd64 --with-jvm-jar-dir=/usr/lib/jvm-exports/java-1.5.0-gcj-5-amd64 --with-arch-directory=amd64 --with-ecj-jar=/usr/share/java/eclipse-ecj.jar --enable-objc-gc --enable-multiarch --disable-werror --with-arch-32=i686 --with-abi=m64 --with-multilib-list=m32,m64,mx32 --enable-multilib --with-tune=generic --enable-checking=release --build=x86_64-linux-gnu --host=x86_64-linux-gnu --target=x86_64-linux-gnu
Thread model: posix
gcc version 5.4.0 20160609 (Ubuntu 5.4.0-6ubuntu1~16.04.10) 
*** CC/CXX Test Failed (args ) : 

/tmp/ccHdfxyJ.o: In function `main':
gpac-conf--31466-.c:(.text.startup+0xe): undefined reference to `dlopen'
collect2: error: ld returned 1 exit status

Source was: 
#include <dlfcn.h>
int main( void ) { dlopen("foo", 0); return 0; }


*** CC/CXX Test Failed (args -DXP_UNIX -I/home/mallesh/coding/svc/gpac/extra_lib/include/js -L/home/mallesh/coding/svc/gpac/extra_lib/lib/gcc -ljs -lpthread -lm) : 

/usr/bin/ld: cannot find -ljs
collect2: error: ld returned 1 exit status

Source was: 
#include <jsapi.h>
int main( void ) { JSContext *cx=NULL; jsval rp; return JS_AddRoot(cx, &rp); }


*** CC/CXX Test Failed (args -DXP_UNIX -I/usr/include/firefox -L/usr/lib/firefox/ -lxul -lmozsqlite3 -lmozalloc -lnssutil3 -lnss3 -lnspr4 -lsmime3) : 

/tmp/gpac-conf--31466-.c:1:19: fatal error: jsapi.h: No such file or directory
compilation terminated.

Source was: 
#include <jsapi.h>
int main( void ) { JSContext *cx=NULL; jsval rp; return JS_AddRoot(cx, &rp); }


*** CC/CXX Test Failed (args -DXP_UNIX -I/usr/include/firefox -lnssutil3 -L/usr/lib/firefox/ -lxul -lmozsqlite3 -lmozalloc -lnssutil3 -lnss3 -lnspr4 -lsmime3 -lssl3) : 

/tmp/gpac-conf--31466-.c:1:19: fatal error: jsapi.h: No such file or directory
compilation terminated.

Source was: 
#include <jsapi.h>
int main( void ) { JSContext *cx=NULL; jsval rp; return JS_AddRoot(cx, &rp); }


*** CC/CXX Test Failed (args -DXP_UNIX -I/usr/local/include/js -L/usr/local/lib -ljs -lpthread) : 

/tmp/gpac-conf--31466-.c:1:19: fatal error: jsapi.h: No such file or directory
compilation terminated.

Source was: 
#include <jsapi.h>
int main( void ) { JSContext *cx=NULL; jsval rp; return JS_AddRoot(cx, &rp); }


*** CC/CXX Test Failed (args -DXP_UNIX -I/usr/local/include/js -Wl,--warn-common -Wl,-z,defs -ljs -lpthread) : 

/tmp/gpac-conf--31466-.c:1:19: fatal error: jsapi.h: No such file or directory
compilation terminated.

Source was: 
#include <jsapi.h>
int main( void ) { JSContext *cx=NULL; jsval rp; return JS_AddRoot(cx, &rp); }


*** CC/CXX Test Failed (args -DXP_UNIX -I/include/js -L/lib -Wl,--warn-common -Wl,-z,defs -ljs -lpthread) : 

/tmp/gpac-conf--31466-.c:1:19: fatal error: jsapi.h: No such file or directory
compilation terminated.

Source was: 
#include <jsapi.h>
int main( void ) { JSContext *cx=NULL; jsval rp; return JS_AddRoot(cx, &rp); }


*** CC/CXX Test Failed (args -DXP_UNIX -I/usr/include/smjs -Wl,--warn-common -Wl,-z,defs -lsmjs -lpthread) : 

/tmp/gpac-conf--31466-.c:1:19: fatal error: jsapi.h: No such file or directory
compilation terminated.

Source was: 
#include <jsapi.h>
int main( void ) { JSContext *cx=NULL; jsval rp; return JS_AddRoot(cx, &rp); }


*** CC/CXX Test Failed (args -DXP_UNIX -I/usr/include/mozjs -Wl,--warn-common -Wl,-z,defs -lmozjs -lpthread) : 

/tmp/gpac-conf--31466-.c:1:19: fatal error: jsapi.h: No such file or directory
compilation terminated.

Source was: 
#include <jsapi.h>
int main( void ) { JSContext *cx=NULL; jsval rp; return JS_AddRoot(cx, &rp); }


*** CC/CXX Test Failed (args -DXP_UNIX -I/home/mallesh/coding/svc/gpac/extra_lib/include/js -L/home/mallesh/coding/svc/gpac/extra_lib/lib/gcc -ljs) : 

/usr/bin/ld: cannot find -ljs
collect2: error: ld returned 1 exit status

Source was: 
#include <jsapi.h>
int main( void ) { return 0; }


*** CC/CXX Test Failed (args -DXP_UNIX -I/usr/local/include/js -L/usr/local/lib -ljs) : 

/tmp/gpac-conf--31466-.c:1:19: fatal error: jsapi.h: No such file or directory
compilation terminated.

Source was: 
#include <jsapi.h>
int main( void ) { return 0; }


*** CC/CXX Test Failed (args -DXP_UNIX -I/usr/local/include/js -Wl,--warn-common -Wl,-z,defs -ljs) : 

/tmp/gpac-conf--31466-.c:1:19: fatal error: jsapi.h: No such file or directory
compilation terminated.

Source was: 
#include <jsapi.h>
int main( void ) { return 0; }


*** CC/CXX Test Failed (args -DXP_UNIX -I/include/js -L/lib -Wl,--warn-common -Wl,-z,defs -ljs) : 

/tmp/gpac-conf--31466-.c:1:19: fatal error: jsapi.h: No such file or directory
compilation terminated.

Source was: 
#include <jsapi.h>
int main( void ) { return 0; }


*** CC/CXX Test Failed (args -DXP_UNIX -I/usr/include/smjs -Wl,--warn-common -Wl,-z,defs -lsmjs) : 

/tmp/gpac-conf--31466-.c:1:19: fatal error: jsapi.h: No such file or directory
compilation terminated.

Source was: 
#include <jsapi.h>
int main( void ) { return 0; }


*** CC/CXX Test Failed (args -DXP_UNIX -I/usr/include/mozjs -Wl,--warn-common -Wl,-z,defs -lmozjs) : 

/tmp/gpac-conf--31466-.c:1:19: fatal error: jsapi.h: No such file or directory
compilation terminated.

Source was: 
#include <jsapi.h>
int main( void ) { return 0; }


*** CC/CXX Test Failed (args -I/home/mallesh/coding/svc/gpac/extra_lib/include/platinum -Wl,--warn-common -Wl,-z,defs -L/home/mallesh/coding/svc/gpac/extra_lib/lib/gcc -lPlatinum -lPltMediaServer -lPltMediaConnect -lPltMediaRenderer -lNeptune -lZlib -lpthread) : 

cc1plus: warning: command line option ‘-Wno-pointer-sign’ is valid for C/ObjC but not for C++
/usr/bin/ld: cannot find -lPlatinum
/usr/bin/ld: cannot find -lPltMediaServer
/usr/bin/ld: cannot find -lPltMediaConnect
/usr/bin/ld: cannot find -lPltMediaRenderer
/usr/bin/ld: cannot find -lNeptune
/usr/bin/ld: cannot find -lZlib
collect2: error: ld returned 1 exit status

Source was: 
#include <jsapi.h>
int main( void ) { return 0; }


*** CC/CXX Test Failed (args -o /tmp/gpac-conf--31466-.o /tmp/gpac-conf--31466-.c -Wl,--warn-common -Wl,-z,defs -lavcap) : 

cc1plus: warning: command line option ‘-Wno-pointer-sign’ is valid for C/ObjC but not for C++
/tmp/gpac-conf--31466-.cpp:1:22: fatal error: Platinum.h: No such file or directory
compilation terminated.
/tmp/gpac-conf--31466-.c:1:25: fatal error: avcap/avcap.h: No such file or directory
compilation terminated.

Source was: 
#include <avcap/avcap.h>
using namespace avcap;
int main( void ) {
  const DeviceCollector::DeviceList& dl = DEVICE_COLLECTOR::instance().getDeviceList();
  DeviceDescriptor* dd = 0;
  for (DeviceCollector::DeviceList::const_iterator i = dl.begin(); i != dl.end(); i++) {
    dd = *i;
    std::cout << dd->getName().c_str() << "\n";
  }
  return 0;
}


*** CC/CXX Test Failed (args -o /tmp/gpac-conf--31466-.o /tmp/gpac-conf--31466-.c -I/home/mallesh/coding/svc/gpac/extra_lib/include -I/home/mallesh/coding/svc/gpac/extra_lib/include/avcap/linux -Wl,--warn-common -Wl,-z,defs -L/home/mallesh/coding/svc/gpac/extra_lib/lib/gcc -lavcap -lpthread) : 

cc1plus: warning: command line option ‘-Wno-pointer-sign’ is valid for C/ObjC but not for C++
/tmp/gpac-conf--31466-.cpp:1:22: fatal error: Platinum.h: No such file or directory
compilation terminated.
In file included from /tmp/gpac-conf--31466-.c:1:0:
/home/mallesh/coding/svc/gpac/extra_lib/include/avcap/avcap.h:29:27: fatal error: avcap-config.h: No such file or directory
compilation terminated.

Source was: 
#include <avcap/avcap.h>
using namespace avcap;
int main( void ) {
  const DeviceCollector::DeviceList& dl = DEVICE_COLLECTOR::instance().getDeviceList();
  DeviceDescriptor* dd = 0;
  for (DeviceCollector::DeviceList::const_iterator i = dl.begin(); i != dl.end(); i++) {
    dd = *i;
    std::cout << dd->getName().c_str() << "\n";
  }
  return 0;
}


*** CC/CXX Test Failed (args -Wl,--warn-common -Wl,-z,defs -lOpenSVCDec) : 

/tmp/gpac-conf--31466-.c:1:48: fatal error: OpenSVCDecoder/SVCDecoder_ietr_api.h: No such file or directory
compilation terminated.

Source was: 
#include <OpenSVCDecoder/SVCDecoder_ietr_api.h>
int main( void ) { return 0; }


*** CC/CXX Test Failed (args -idirafter /home/mallesh/coding/svc/gpac/extra_lib/include -Wl,--warn-common -Wl,-z,defs -L/home/mallesh/coding/svc/gpac/extra_lib/lib/gcc -lOpenSVCDec) : 

/usr/bin/ld: cannot find -lOpenSVCDec
collect2: error: ld returned 1 exit status

Source was: 
#include <OpenSVCDecoder/SVCDecoder_ietr_api.h>
int main( void ) { return 0; }


*** CC/CXX Test Failed (args -I/usr/include -I/usr/local/include -L/usr/lib -L/usr/local/lib -lopenhevc -lm -lpthread -Wl,--warn-common -Wl,-z,defs) : 

/tmp/gpac-conf--31466-.c:2:34: fatal error: libopenhevc/openhevc.h: No such file or directory
compilation terminated.

Source was: 
#include <stdio.h>
#include <libopenhevc/openhevc.h>
int main( void ) { oh_init(1, 1); return 0; }


*** CC/CXX Test Failed (args -I/home/mallesh/coding/svc/gpac/extra_lib/include -lopenhevc -lm -lpthread -Wl,--warn-common -Wl,-z,defs -L/home/mallesh/coding/svc/gpac/extra_lib/lib/gcc) : 

/usr/bin/ld: cannot find -lopenhevc
collect2: error: ld returned 1 exit status

Source was: 
#include <stdio.h>
#include <libopenhevc/openhevc.h>
int main( void ) { oh_init(1, 1); return 0; }


*** CC/CXX Test Failed (args -I/usr/local/include -L/usr/local/lib -lfreetype -Wl,--warn-common -Wl,-z,defs) : 

/tmp/gpac-conf--31466-.c:1:22: fatal error: ft2build.h: No such file or directory
compilation terminated.

Source was: 
#include <ft2build.h>
#include FT_FREETYPE_H
#include FT_GLYPH_H
#include FT_OUTLINE_H
int main( void ) { return 0; }


*** CC/CXX Test Failed (args -Wl,--warn-common -Wl,-z,defs -lopenjpeg) : 

/tmp/gpac-conf--31466-.c:2:22: fatal error: openjpeg.h: No such file or directory
compilation terminated.

Source was: 
#include <stdio.h>
#include <openjpeg.h>
int main( void ) { return 0; }


*** CC/CXX Test Failed (args -I/home/mallesh/coding/svc/gpac/extra_lib/include/openjpeg -L/home/mallesh/coding/svc/gpac/extra_lib/lib/gcc -lopenjpeg) : 

/usr/bin/ld: cannot find -lopenjpeg
collect2: error: ld returned 1 exit status

Source was: 
#include <stdio.h>
#include <openjpeg.h>
int main( void ) { return 0; }


*** CC/CXX Test Failed (args -Wl,--warn-common -Wl,-z,defs -lmad) : 

/tmp/gpac-conf--31466-.c:1:17: fatal error: mad.h: No such file or directory
compilation terminated.

Source was: 
#include <mad.h>
int main( void ) { return 0; }


*** CC/CXX Test Failed (args -I/home/mallesh/coding/svc/gpac/extra_lib/include -L/home/mallesh/coding/svc/gpac/extra_lib/lib/gcc -lmad) : 

/usr/bin/ld: cannot find -lmad
collect2: error: ld returned 1 exit status

Source was: 
#include <mad.h>
int main( void ) { return 0; }


*** CC/CXX Test Failed (args -Wl,--warn-common -Wl,-z,defs -la52) : 

/tmp/gpac-conf--31466-.c:4:29: fatal error: a52dec/mm_accel.h: No such file or directory
compilation terminated.

Source was: 
#include <inttypes.h>
#define uint32_t unsigned int
#define uint8_t unsigned char
#include <a52dec/mm_accel.h>
#include <a52dec/a52.h>
int main( void ) { return 0; }


*** CC/CXX Test Failed (args -I/home/mallesh/coding/svc/gpac/extra_lib/include -L/home/mallesh/coding/svc/gpac/extra_lib/lib/gcc -la52) : 

/usr/bin/ld: cannot find -la52
collect2: error: ld returned 1 exit status

Source was: 
#include <inttypes.h>
#define uint32_t unsigned int
#define uint8_t unsigned char
#include <a52dec/mm_accel.h>
#include <a52dec/a52.h>
int main( void ) { return 0; }


*** CC/CXX Test Failed (args -Wl,--warn-common -Wl,-z,defs -lfaad -lm) : 

/tmp/gpac-conf--31466-.c:1:18: fatal error: faad.h: No such file or directory
compilation terminated.

Source was: 
#include <faad.h>
int main( void ) { return 0; }


*** CC/CXX Test Failed (args -I/home/mallesh/coding/svc/gpac/extra_lib/include -L/home/mallesh/coding/svc/gpac/extra_lib/lib/gcc -lfaad -lm) : 

/usr/bin/ld: cannot find -lfaad
collect2: error: ld returned 1 exit status

Source was: 
#include <faad.h>
int main( void ) { return 0; }


*** CC/CXX Test Failed (args -Wl,--warn-common -Wl,-z,defs -lfreenect) : 

/tmp/gpac-conf--31466-.c:1:37: fatal error: libfreenect/libfreenect.h: No such file or directory
compilation terminated.

Source was: 
#include <libfreenect/libfreenect.h>
int main( void ) { return 0; }


*** CC/CXX Test Failed (args -I/home/mallesh/coding/svc/gpac/extra_lib/include/freenect -L/home/mallesh/coding/svc/gpac/extra_lib/lib/gcc -lfreenect) : 

/tmp/gpac-conf--31466-.c:1:37: fatal error: libfreenect/libfreenect.h: No such file or directory
compilation terminated.

Source was: 
#include <libfreenect/libfreenect.h>
int main( void ) { return 0; }


*** CC/CXX Test Failed (args -Wl,--warn-common -Wl,-z,defs) : 

/tmp/gpac-conf--31466-.c:1:27: fatal error: xmlrpc-c/base.h: No such file or directory
compilation terminated.

Source was: 
#include <xmlrpc-c/base.h>
#include <xmlrpc-c/server.h>
#include <xmlrpc-c/server_abyss.h>
int main( void ) {
return 0;
}


*** CC/CXX Test Failed (args -Wl,--warn-common -Wl,-z,defs) : 

/tmp/gpac-conf--31466-.c:1:23: fatal error: jack/jack.h: No such file or directory
compilation terminated.

Source was: 
#include <jack/jack.h>
int main( void ) {
return 0;
}


*** CC/CXX Test Failed (args -I/usr/include/directfb -L-ldirectfb -lfusion -ldirect -Wl,--warn-common -Wl,-z,defs) : 

/tmp/gpac-conf--31466-.c:1:22: fatal error: directfb.h: No such file or directory
compilation terminated.

Source was: 
#include <directfb.h>
int main( void ) { return 0; }


*** CC/CXX Test Failed (args -I/usr/X11R6/include -L/usr/X11R6/lib -Wl,--warn-common -Wl,-z,defs) : 

/tmp/gpac-conf--31466-.c:2:31: fatal error: X11/extensions/Xv.h: No such file or directory
compilation terminated.

Source was: 
#include <X11/Xlib.h>
#include <X11/extensions/Xv.h>
#include <X11/extensions/Xvlib.h>
int main( void ) { return 0; }


*** CC/CXX Test Failed (args -lhidapi-hidraw -Wl,--warn-common -Wl,-z,defs) : 

/tmp/gpac-conf--31466-.c:1:27: fatal error: hidapi/hidapi.h: No such file or directory
compilation terminated.

Source was: 
#include <hidapi/hidapi.h>
int main( void ) { hid_init(); hid_exit(); return 0; }


*** CC/CXX Test Failed (args -I/usr/lib/xulrunner/sdk/include -Wl,--warn-common -Wl,-z,defs) : 

cc1plus: warning: command line option ‘-Wno-pointer-sign’ is valid for C/ObjC but not for C++
/tmp/gpac-conf--31466-.cpp:1:19: fatal error: npapi.h: No such file or directory
compilation terminated.

Source was: 
#include <GL/gl.h>
int main( void ) { int a ; a = TINYGL ; return 0;}


*** CC/CXX Test Failed (args -I/home/mallesh/coding/svc/gpac/extra_lib/include/gecko-sdk/include -Wl,--warn-common -Wl,-z,defs) : 

cc1plus: warning: command line option ‘-Wno-pointer-sign’ is valid for C/ObjC but not for C++
/tmp/gpac-conf--31466-.cpp:1:19: fatal error: npapi.h: No such file or directory
compilation terminated.

Source was: 
#include <GL/gl.h>
int main( void ) { int a ; a = TINYGL ; return 0;}


